<?xml version="1.0" encoding="UTF-8"?>
<testsuite xmlns:xsi="http://www.w3.org/2001/XMLSchema-instance" xsi:noNamespaceSchemaLocation="https://maven.apache.org/surefire/maven-surefire-plugin/xsd/surefire-test-report.xsd" version="3.0.2" name="com.eventmanagement.userservice.controller.UserControllerTest" time="7.573" tests="1" errors="0" skipped="0" failures="0">
  <properties>
[...]
</properties>
  <testcase name="shouldRejectCreateUserWithoutPassword" classname="com.eventmanagement.userservice.controller.UserControllerTest" time="0.406">
    <system-out><![CDATA[10:11:14.629 [main] INFO org.springframework.test.context.support.AnnotationConfigContextLoaderUtils -- Could not detect default configuration classes for test class [com.eventmanagement.userservice.controller.UserControllerTest]: UserControllerTest does not declare any static, non-private, non-final, nested classes annotated with @Configuration.
10:11:14.927 [main] INFO org.springframework.boot.test.context.SpringBootTestContextBootstrapper -- Found @SpringBootConfiguration com.eventmanagement.userservice.UserServiceApplication for test class com.eventmanagement.userservice.controller.UserControllerTest

  .   ____          _            __ _ _
 /\\ / ___'_ __ _ _(_)_ __  __ _ \ \ \ \
( ( )\___ | '_ | '_| | '_ \/ _` | \ \ \ \
 \\/  ___)| |_)| | | | | || (_| |  ) ) ) )
  '  |____| .__|_| |_|_| |_\__, | / / / /
 =========|_|==============|___/=/_/_/_/
 :: Spring Boot ::                (v3.2.5)

2026-07-09T10:11:16.219+05:30  INFO 24924 --- [user-service] [           main] c.e.u.controller.UserControllerTest      : Starting UserControllerTest using Java 17.0.19 with PID 24924 (started by ANISH KUMAR in C:\Users\ANISH KUMAR\Documents\antigravity\zealous-noether\user-service)
2026-07-09T10:11:16.222+05:30  INFO 24924 --- [user-service] [           main] c.e.u.controller.UserControllerTest      : No active profile set, falling back to 1 default profile: "default"
2026-07-09T10:11:21.273+05:30  INFO 24924 --- [user-service] [           main] o.s.b.t.m.w.SpringBootMockServletContext : Initializing Spring TestDispatcherServlet ''
2026-07-09T10:11:21.273+05:30  INFO 24924 --- [user-service] [           main] o.s.t.web.servlet.TestDispatcherServlet  : Initializing Servlet ''
2026-07-09T10:11:21.279+05:30  INFO 24924 --- [user-service] [           main] o.s.t.web.servlet.TestDispatcherServlet  : Completed initialization in 2 ms
2026-07-09T10:11:21.338+05:30  INFO 24924 --- [user-service] [           main] c.e.u.controller.UserControllerTest      : Started UserControllerTest in 6.174 seconds (process running for 9.013)
]]></system-out>
  </testcase>
</testsuite>